2021-09-05 11:01:14.194  INFO 26340 --- [restartedMain] c.v.s.t.ThymeleafDemoApplication         : Starting ThymeleafDemoApplication using Java 16.0.1 on DESKTOP-IAPL73F with PID 26340 (D:\eclipse-workspace\spring-black\springboot\thymeleaf-demo\target\classes started by Ermakov in D:\eclipse-workspace\spring-black\springboot\thymeleaf-demo)
2021-09-05 12:26:41.451  WARN 26340 --- [HikariPool-1 housekeeper] com.zaxxer.hikari.pool.HikariPool        : HikariPool-1 - Thread starvation or clock leap detected (housekeeper delta=15m53s271ms615µs100ns).
2021-09-05 19:51:30.512  INFO 19516 --- [restartedMain] c.v.s.t.ThymeleafDemoApplication         : Starting ThymeleafDemoApplication using Java 16.0.1 on DESKTOP-IAPL73F with PID 19516 (D:\eclipse-workspace\spring-black\springboot\thymeleaf-demo\target\classes started by Ermakov in D:\eclipse-workspace\spring-black\springboot\thymeleaf-demo)
2021-09-05 19:51:30.515  INFO 19516 --- [restartedMain] c.v.s.t.ThymeleafDemoApplication         : No active profile set, falling back to default profiles: default
2021-09-05 19:51:30.593  INFO 19516 --- [restartedMain] .e.DevToolsPropertyDefaultsPostProcessor : Devtools property defaults active! Set 'spring.devtools.add-properties' to 'false' to disable
2021-09-05 19:51:30.593  INFO 19516 --- [restartedMain] .e.DevToolsPropertyDefaultsPostProcessor : For additional web related logging consider setting the 'logging.level.web' property to 'DEBUG'
2021-09-05 19:51:31.410  INFO 19516 --- [restartedMain] .s.d.r.c.RepositoryConfigurationDelegate : Bootstrapping Spring Data JPA repositories in DEFAULT mode.
2021-09-05 19:51:31.478  INFO 19516 --- [restartedMain] .s.d.r.c.RepositoryConfigurationDelegate : Finished Spring Data repository scanning in 58 ms. Found 1 JPA repository interfaces.
2021-09-05 19:51:32.569  INFO 19516 --- [restartedMain] o.s.b.w.embedded.tomcat.TomcatWebServer  : Tomcat initialized with port(s): 8080 (http)
2021-09-05 19:51:32.588  INFO 19516 --- [restartedMain] o.apache.catalina.core.StandardService   : Starting service [Tomcat]
2021-09-05 19:51:32.589  INFO 19516 --- [restartedMain] org.apache.catalina.core.StandardEngine  : Starting Servlet engine: [Apache Tomcat/9.0.52]
2021-09-05 19:51:32.727  INFO 19516 --- [restartedMain] o.a.c.c.C.[Tomcat].[localhost].[/]       : Initializing Spring embedded WebApplicationContext
2021-09-05 19:51:32.728  INFO 19516 --- [restartedMain] w.s.c.ServletWebServerApplicationContext : Root WebApplicationContext: initialization completed in 2134 ms
2021-09-05 19:51:32.987  INFO 19516 --- [restartedMain] com.zaxxer.hikari.HikariDataSource       : HikariPool-1 - Starting...
2021-09-05 19:51:33.316  INFO 19516 --- [restartedMain] com.zaxxer.hikari.HikariDataSource       : HikariPool-1 - Start completed.
2021-09-05 19:51:33.390  INFO 19516 --- [restartedMain] o.hibernate.jpa.internal.util.LogHelper  : HHH000204: Processing PersistenceUnitInfo [name: default]
2021-09-05 19:51:33.501  INFO 19516 --- [restartedMain] org.hibernate.Version                    : HHH000412: Hibernate ORM core version 5.4.32.Final
2021-09-05 19:51:33.655  INFO 19516 --- [restartedMain] o.hibernate.annotations.common.Version   : HCANN000001: Hibernate Commons Annotations {5.1.2.Final}
2021-09-05 19:51:33.865  INFO 19516 --- [restartedMain] org.hibernate.dialect.Dialect            : HHH000400: Using dialect: org.hibernate.dialect.MySQL8Dialect
2021-09-05 19:51:34.549  INFO 19516 --- [restartedMain] o.h.e.t.j.p.i.JtaPlatformInitiator       : HHH000490: Using JtaPlatform implementation: [org.hibernate.engine.transaction.jta.platform.internal.NoJtaPlatform]
2021-09-05 19:51:34.560  INFO 19516 --- [restartedMain] j.LocalContainerEntityManagerFactoryBean : Initialized JPA EntityManagerFactory for persistence unit 'default'
2021-09-05 19:51:35.142  WARN 19516 --- [restartedMain] JpaBaseConfiguration$JpaWebConfiguration : spring.jpa.open-in-view is enabled by default. Therefore, database queries may be performed during view rendering. Explicitly configure spring.jpa.open-in-view to disable this warning
2021-09-05 19:51:35.811  INFO 19516 --- [restartedMain] o.s.b.d.a.OptionalLiveReloadServer       : LiveReload server is running on port 35729
2021-09-05 19:51:35.925  INFO 19516 --- [restartedMain] o.s.b.w.embedded.tomcat.TomcatWebServer  : Tomcat started on port(s): 8080 (http) with context path ''
2021-09-05 19:51:35.936  INFO 19516 --- [restartedMain] c.v.s.t.ThymeleafDemoApplication         : Started ThymeleafDemoApplication in 5.919 seconds (JVM running for 6.585)
2021-09-05 19:51:43.670  INFO 19516 --- [http-nio-8080-exec-1] o.a.c.c.C.[Tomcat].[localhost].[/]       : Initializing Spring DispatcherServlet 'dispatcherServlet'
2021-09-05 19:51:43.671  INFO 19516 --- [http-nio-8080-exec-1] o.s.web.servlet.DispatcherServlet        : Initializing Servlet 'dispatcherServlet'
2021-09-05 19:51:43.672  INFO 19516 --- [http-nio-8080-exec-1] o.s.web.servlet.DispatcherServlet        : Completed initialization in 1 ms
2021-09-05 19:51:43.883  INFO 19516 --- [http-nio-8080-exec-1] c.v.s.t.controller.EmployeeController    : get list of employees from DB
2021-09-05 19:51:43.883  INFO 19516 --- [http-nio-8080-exec-1] c.v.s.t.controller.EmployeeController    : add employee list as model attribute
2021-09-05 19:51:43.883  INFO 19516 --- [http-nio-8080-exec-1] c.v.s.t.controller.EmployeeController    : return list-employees html page
2021-09-05 19:51:49.807  INFO 19516 --- [http-nio-8080-exec-2] c.v.s.t.controller.EmployeeController    : get employee by id from DB
2021-09-05 19:51:49.807  INFO 19516 --- [http-nio-8080-exec-2] c.v.s.t.controller.EmployeeController    : add employee model attribute
2021-09-05 19:51:49.807  INFO 19516 --- [http-nio-8080-exec-2] c.v.s.t.controller.EmployeeController    : return employee-form html page
2021-09-05 19:52:05.017  INFO 19516 --- [http-nio-8080-exec-3] c.v.s.t.controller.EmployeeController    : save employee to DB
2021-09-05 19:52:05.018  INFO 19516 --- [http-nio-8080-exec-3] c.v.s.t.controller.EmployeeController    : redirect to /employees/list controller
2021-09-05 19:52:05.029  INFO 19516 --- [http-nio-8080-exec-4] c.v.s.t.controller.EmployeeController    : get list of employees from DB
2021-09-05 19:52:05.029  INFO 19516 --- [http-nio-8080-exec-4] c.v.s.t.controller.EmployeeController    : add employee list as model attribute
2021-09-05 19:52:05.029  INFO 19516 --- [http-nio-8080-exec-4] c.v.s.t.controller.EmployeeController    : return list-employees html page
2021-09-05 19:52:10.069  INFO 19516 --- [http-nio-8080-exec-5] c.v.s.t.controller.EmployeeController    : get employee by id from DB
2021-09-05 19:52:10.069  INFO 19516 --- [http-nio-8080-exec-5] c.v.s.t.controller.EmployeeController    : add employee model attribute
2021-09-05 19:52:10.069  INFO 19516 --- [http-nio-8080-exec-5] c.v.s.t.controller.EmployeeController    : return employee-form html page
2021-09-05 19:52:18.655  INFO 19516 --- [http-nio-8080-exec-6] c.v.s.t.controller.EmployeeController    : save employee to DB
2021-09-05 19:52:18.655  INFO 19516 --- [http-nio-8080-exec-6] c.v.s.t.controller.EmployeeController    : redirect to /employees/list controller
2021-09-05 19:52:18.663  INFO 19516 --- [http-nio-8080-exec-7] c.v.s.t.controller.EmployeeController    : get list of employees from DB
2021-09-05 19:52:18.663  INFO 19516 --- [http-nio-8080-exec-7] c.v.s.t.controller.EmployeeController    : add employee list as model attribute
2021-09-05 19:52:18.663  INFO 19516 --- [http-nio-8080-exec-7] c.v.s.t.controller.EmployeeController    : return list-employees html page
2021-09-05 19:52:25.420  INFO 19516 --- [http-nio-8080-exec-8] c.v.s.t.controller.EmployeeController    : get employee by id from DB
2021-09-05 19:52:25.421  INFO 19516 --- [http-nio-8080-exec-8] c.v.s.t.controller.EmployeeController    : add employee model attribute
2021-09-05 19:52:25.421  INFO 19516 --- [http-nio-8080-exec-8] c.v.s.t.controller.EmployeeController    : return employee-form html page
2021-09-05 19:52:34.551  INFO 19516 --- [http-nio-8080-exec-9] c.v.s.t.controller.EmployeeController    : save employee to DB
2021-09-05 19:52:34.551  INFO 19516 --- [http-nio-8080-exec-9] c.v.s.t.controller.EmployeeController    : redirect to /employees/list controller
2021-09-05 19:52:34.560  INFO 19516 --- [http-nio-8080-exec-10] c.v.s.t.controller.EmployeeController    : get list of employees from DB
2021-09-05 19:52:34.560  INFO 19516 --- [http-nio-8080-exec-10] c.v.s.t.controller.EmployeeController    : add employee list as model attribute
2021-09-05 19:52:34.560  INFO 19516 --- [http-nio-8080-exec-10] c.v.s.t.controller.EmployeeController    : return list-employees html page
2021-09-05 19:52:44.666  INFO 19516 --- [http-nio-8080-exec-2] c.v.s.t.controller.EmployeeController    : get employee by id from DB
2021-09-05 19:52:44.666  INFO 19516 --- [http-nio-8080-exec-2] c.v.s.t.controller.EmployeeController    : add employee model attribute
2021-09-05 19:52:44.667  INFO 19516 --- [http-nio-8080-exec-2] c.v.s.t.controller.EmployeeController    : return employee-form html page
2021-09-05 19:52:52.579  INFO 19516 --- [http-nio-8080-exec-3] c.v.s.t.controller.EmployeeController    : save employee to DB
2021-09-05 19:52:52.580  INFO 19516 --- [http-nio-8080-exec-3] c.v.s.t.controller.EmployeeController    : redirect to /employees/list controller
2021-09-05 19:52:52.587  INFO 19516 --- [http-nio-8080-exec-4] c.v.s.t.controller.EmployeeController    : get list of employees from DB
2021-09-05 19:52:52.587  INFO 19516 --- [http-nio-8080-exec-4] c.v.s.t.controller.EmployeeController    : add employee list as model attribute
2021-09-05 19:52:52.587  INFO 19516 --- [http-nio-8080-exec-4] c.v.s.t.controller.EmployeeController    : return list-employees html page
2021-09-05 19:52:55.400  INFO 19516 --- [http-nio-8080-exec-5] c.v.s.t.controller.EmployeeController    : get employee by id from DB
2021-09-05 19:52:55.400  INFO 19516 --- [http-nio-8080-exec-5] c.v.s.t.controller.EmployeeController    : add employee model attribute
2021-09-05 19:52:55.400  INFO 19516 --- [http-nio-8080-exec-5] c.v.s.t.controller.EmployeeController    : return employee-form html page
2021-09-05 19:53:07.123  INFO 19516 --- [http-nio-8080-exec-6] c.v.s.t.controller.EmployeeController    : save employee to DB
2021-09-05 19:53:07.124  INFO 19516 --- [http-nio-8080-exec-6] c.v.s.t.controller.EmployeeController    : redirect to /employees/list controller
2021-09-05 19:53:07.131  INFO 19516 --- [http-nio-8080-exec-7] c.v.s.t.controller.EmployeeController    : get list of employees from DB
2021-09-05 19:53:07.131  INFO 19516 --- [http-nio-8080-exec-7] c.v.s.t.controller.EmployeeController    : add employee list as model attribute
2021-09-05 19:53:07.131  INFO 19516 --- [http-nio-8080-exec-7] c.v.s.t.controller.EmployeeController    : return list-employees html page
